          ok  Starting unison for sync proxy-advisor-apps-unison-sync
          ok  proxy-advisor-apps-unison-sync container still running, restarting unison in container
     command  docker exec proxy-advisor-apps-unison-sync supervisorctl restart unison
          ok  starting initial sync of proxy-advisor-apps-unison-sync
     command  docker inspect --format='{{(index (index .NetworkSettings.Ports "5000/tcp") 0).HostPort}}' proxy-advisor-apps-unison-sync
     command  unison -testserver "/mnt/c/Users/yassi/Desktop/ecmascript/proxy-advisor-mvp pour push/frontend/front-hub-ui/ops/ssl" "socket://127.0.0.1:65288"
     command  docker inspect --format='{{(index (index .NetworkSettings.Ports "5000/tcp") 0).HostPort}}' proxy-advisor-apps-unison-sync
     command  docker inspect --format='{{(index (index .NetworkSettings.Ports "5000/tcp") 0).HostPort}}' proxy-advisor-apps-unison-sync
     command  unison -ignore='Name .git' -ignore='Name .idea' -ignore='Name .docker-sync/daemon.log' -ignore='Name .docker-sync/daemon.pid' '/mnt/c/Users/yassi/Desktop/ecmascript/proxy-advisor-mvp pour push/frontend/front-hub-ui/ops/ssl' -auto -batch -prefer '/mnt/c/Users/yassi/Desktop/ecmascript/proxy-advisor-mvp pour push/frontend/front-hub-ui/ops/ssl' -copyonconflict -watch socket://127.0.0.1:65288
terminal-notifier is only supported on macOS 10.10, or higher./var/lib/gems/3.0.0/gems/terminal-notifier-2.0.0/lib/terminal-notifier.rb:60:in `notify_result': undefined method `length' for nil:NilClass (NoMethodError)
	from /var/lib/gems/3.0.0/gems/terminal-notifier-2.0.0/lib/terminal-notifier.rb:86:in `notify'
	from /var/lib/gems/3.0.0/gems/docker-sync-1.0.5/lib/docker-sync/sync_strategy/unison.rb:89:in `sync'
	from /var/lib/gems/3.0.0/gems/docker-sync-1.0.5/lib/docker-sync/sync_strategy/unison.rb:238:in `start_container'
	from /var/lib/gems/3.0.0/gems/docker-sync-1.0.5/lib/docker-sync/sync_strategy/unison.rb:35:in `run'
	from /var/lib/gems/3.0.0/gems/docker-sync-1.0.5/lib/docker-sync/sync_process.rb:85:in `run'
	from /var/lib/gems/3.0.0/gems/docker-sync-1.0.5/lib/docker-sync/sync_manager.rb:111:in `block in run'
	from /var/lib/gems/3.0.0/gems/docker-sync-1.0.5/lib/docker-sync/sync_manager.rb:110:in `each'
	from /var/lib/gems/3.0.0/gems/docker-sync-1.0.5/lib/docker-sync/sync_manager.rb:110:in `run'
	from /var/lib/gems/3.0.0/gems/docker-sync-1.0.5/tasks/sync/sync.thor:51:in `block in start'
	from /var/lib/gems/3.0.0/gems/docker-sync-1.0.5/tasks/sync/sync.thor:50:in `chdir'
	from /var/lib/gems/3.0.0/gems/docker-sync-1.0.5/tasks/sync/sync.thor:50:in `start'
	from /var/lib/gems/3.0.0/gems/thor-1.3.1/lib/thor/command.rb:28:in `run'
	from /var/lib/gems/3.0.0/gems/thor-1.3.1/lib/thor/invocation.rb:127:in `invoke_command'
	from /var/lib/gems/3.0.0/gems/thor-1.3.1/lib/thor.rb:527:in `dispatch'
	from /var/lib/gems/3.0.0/gems/thor-1.3.1/lib/thor/base.rb:584:in `start'
	from /var/lib/gems/3.0.0/gems/docker-sync-1.0.5/bin/docker-sync:14:in `<top (required)>'
	from /usr/local/bin/docker-sync:25:in `load'
	from /usr/local/bin/docker-sync:25:in `<main>'
